<?xml version="1.0" encoding="UTF-8"?>
<!-- Generated by org.testng.reporters.JUnitReportReporter -->
<testsuite hostname="Dipti" failures="0" tests="1" name="runners.TestRunner" time="259.179" errors="0" timestamp="2025-03-18T12:43:30 IST" skipped="0">
  <testcase classname="runners.TestRunner" name="runScenario" time="259.179"/>
  <system-out/>
</testsuite> <!-- runners.TestRunner -->
